TN:
SF:src/modules/appointments/services/CreateAppointmentService.ts
FN:45,__decorate
FN:45,__metadata
FN:45,__param
FN:45,__awaiter
FN:45,adopt
FN:45,fulfilled
FN:45,rejected
FN:45,step
FN:45,__generator
FN:45,sent
FN:45,Symbol.function.g.(anonymous function)
FN:45,verb
FN:45,step
FN:45,__importDefault
FN:16,CreateAppointmentService
FN:22,CreateAppointmentService.execute
FNF:16
FNH:14
FNDA:1,__decorate
FNDA:1,__metadata
FNDA:1,__param
FNDA:3,__awaiter
FNDA:5,adopt
FNDA:5,fulfilled
FNDA:0,rejected
FNDA:7,step
FNDA:3,__generator
FNDA:5,sent
FNDA:0,Symbol.function.g.(anonymous function)
FNDA:9,verb
FNDA:8,step
FNDA:1,__importDefault
FNDA:2,CreateAppointmentService
FNDA:3,CreateAppointmentService.execute
DA:1,1
DA:2,1
DA:3,1
DA:4,1
DA:5,1
DA:6,1
DA:7,1
DA:8,1
DA:9,1
DA:10,1
DA:11,1
DA:12,1
DA:13,1
DA:14,1
DA:15,1
DA:16,1
DA:17,2
DA:18,2
DA:19,2
DA:20,2
DA:21,2
DA:22,1
DA:23,3
DA:24,3
DA:25,3
DA:26,3
DA:27,3
DA:28,3
DA:29,3
DA:30,3
DA:31,3
DA:32,3
DA:33,1
DA:34,1
DA:35,2
DA:36,2
DA:37,2
DA:38,2
DA:39,2
DA:40,3
DA:41,3
DA:42,3
DA:43,1
DA:44,1
DA:45,1
LF:45
LH:45
BRDA:45,0,0,1
BRDA:45,1,0,1
BRDA:45,2,0,0
BRDA:45,3,0,0
BRDA:45,4,0,0
BRDA:45,5,0,0
BRDA:45,6,0,1
BRDA:45,7,0,1
BRDA:45,8,0,1
BRDA:45,9,0,3
BRDA:45,10,0,5
BRDA:45,11,0,0
BRDA:45,12,0,3
BRDA:45,13,0,5
BRDA:45,14,0,4
BRDA:45,15,0,1
BRDA:45,16,0,7
BRDA:45,17,0,2
BRDA:45,18,0,5
BRDA:45,19,0,3
BRDA:45,20,0,5
BRDA:45,21,0,0
BRDA:45,22,0,9
BRDA:45,23,0,8
BRDA:45,24,0,8
BRDA:45,25,0,0
BRDA:45,26,0,16
BRDA:45,27,0,0
BRDA:45,28,0,0
BRDA:45,29,0,0
BRDA:45,30,0,0
BRDA:45,31,0,8
BRDA:45,32,0,8
BRDA:45,33,0,0
BRDA:45,34,0,5
BRDA:45,35,0,0
BRDA:45,36,0,3
BRDA:45,37,0,0
BRDA:45,38,0,2
BRDA:45,39,0,0
BRDA:45,40,0,0
BRDA:45,41,0,0
BRDA:45,42,0,0
BRDA:45,43,0,0
BRDA:45,44,0,8
BRDA:45,45,0,7
BRDA:45,46,0,1
BRDA:45,47,0,8
BRDA:45,48,0,3
BRDA:45,49,0,1
BRDA:45,50,0,2
BRDA:45,51,0,0
BRDA:45,52,0,1
BRDA:45,53,0,0
BRDA:15,54,0,1
BRDA:16,55,0,2
BRDA:22,56,0,3
BRDA:45,57,0,3
BRDA:45,58,0,8
BRDA:45,59,0,3
BRDA:45,60,0,0
BRDA:45,61,0,3
BRDA:32,62,0,1
BRDA:34,63,0,2
BRDA:45,64,0,0
BRDA:45,65,0,2
BRDA:45,66,0,0
BRF:67
BRH:43
end_of_record
TN:
SF:src/modules/users/services/AuthenticationService.ts
FN:60,__decorate
FN:60,__metadata
FN:60,__param
FN:60,__awaiter
FN:60,adopt
FN:60,fulfilled
FN:60,rejected
FN:60,step
FN:60,__generator
FN:60,sent
FN:60,Symbol.function.g.(anonymous function)
FN:60,verb
FN:60,step
FN:60,__importDefault
FN:25,AuthenticationService
FN:32,AuthenticationService.execute
FNF:16
FNH:14
FNDA:1,__decorate
FNDA:1,__metadata
FNDA:2,__param
FNDA:3,__awaiter
FNDA:5,adopt
FNDA:5,fulfilled
FNDA:0,rejected
FNDA:6,step
FNDA:3,__generator
FNDA:5,sent
FNDA:0,Symbol.function.g.(anonymous function)
FNDA:9,verb
FNDA:8,step
FNDA:2,__importDefault
FNDA:3,AuthenticationService
FNDA:3,AuthenticationService.execute
DA:1,1
DA:2,1
DA:3,1
DA:4,1
DA:5,1
DA:6,1
DA:7,1
DA:8,1
DA:9,1
DA:10,1
DA:11,1
DA:12,1
DA:13,1
DA:14,1
DA:15,1
DA:16,1
DA:17,1
DA:18,1
DA:19,1
DA:20,1
DA:21,1
DA:22,1
DA:23,1
DA:24,1
DA:25,1
DA:26,3
DA:27,3
DA:28,3
DA:29,3
DA:30,3
DA:31,3
DA:32,1
DA:33,3
DA:34,3
DA:35,3
DA:36,1
DA:37,1
DA:38,2
DA:39,2
DA:40,2
DA:41,3
DA:42,3
DA:43,1
DA:44,1
DA:45,1
DA:46,1
DA:47,1
DA:48,1
DA:49,1
DA:50,1
DA:51,1
DA:52,1
DA:53,1
DA:54,1
DA:55,1
DA:56,1
DA:57,3
DA:58,1
DA:59,1
DA:60,1
LF:60
LH:60
BRDA:60,0,0,1
BRDA:60,1,0,1
BRDA:60,2,0,0
BRDA:60,3,0,0
BRDA:60,4,0,0
BRDA:60,5,0,0
BRDA:60,6,0,1
BRDA:60,7,0,2
BRDA:60,8,0,2
BRDA:60,9,0,3
BRDA:60,10,0,5
BRDA:60,11,0,0
BRDA:60,12,0,3
BRDA:60,13,0,5
BRDA:60,14,0,3
BRDA:60,15,0,2
BRDA:60,16,0,6
BRDA:60,17,0,1
BRDA:60,18,0,5
BRDA:60,19,0,3
BRDA:60,20,0,5
BRDA:60,21,0,0
BRDA:60,22,0,9
BRDA:60,23,0,8
BRDA:60,24,0,8
BRDA:60,25,0,0
BRDA:60,26,0,16
BRDA:60,27,0,0
BRDA:60,28,0,0
BRDA:60,29,0,0
BRDA:60,30,0,0
BRDA:60,31,0,8
BRDA:60,32,0,8
BRDA:60,33,0,0
BRDA:60,34,0,5
BRDA:60,35,0,0
BRDA:60,36,0,3
BRDA:60,37,0,0
BRDA:60,38,0,1
BRDA:60,39,0,0
BRDA:60,40,0,0
BRDA:60,41,0,0
BRDA:60,42,0,0
BRDA:60,43,0,0
BRDA:60,44,0,8
BRDA:60,45,0,6
BRDA:60,46,0,2
BRDA:60,47,0,8
BRDA:60,48,0,3
BRDA:60,49,0,2
BRDA:60,50,0,1
BRDA:60,51,0,0
BRDA:60,52,0,2
BRDA:60,53,0,0
BRDA:24,54,0,1
BRDA:25,55,0,3
BRDA:32,56,0,3
BRDA:60,57,0,3
BRDA:60,58,0,8
BRDA:33,59,0,3
BRDA:60,60,0,0
BRDA:60,61,0,3
BRDA:35,62,0,1
BRDA:37,63,0,2
BRDA:60,64,0,0
BRDA:60,65,0,2
BRDA:42,66,0,1
BRDA:60,67,0,0
BRF:68
BRH:44
end_of_record
TN:
SF:src/modules/users/services/CreateUserService.ts
FN:46,__decorate
FN:46,__metadata
FN:46,__param
FN:46,__awaiter
FN:46,adopt
FN:46,fulfilled
FN:46,rejected
FN:46,step
FN:46,__generator
FN:46,sent
FN:46,Symbol.function.g.(anonymous function)
FN:46,verb
FN:46,step
FN:46,__importDefault
FN:17,CreateUserService
FN:25,CreateUserService.execute
FNF:16
FNH:14
FNDA:2,__decorate
FNDA:2,__metadata
FNDA:4,__param
FNDA:5,__awaiter
FNDA:13,adopt
FNDA:13,fulfilled
FNDA:0,rejected
FNDA:17,step
FNDA:5,__generator
FNDA:13,sent
FNDA:0,Symbol.function.g.(anonymous function)
FNDA:15,verb
FNDA:18,step
FNDA:2,__importDefault
FNDA:4,CreateUserService
FNDA:5,CreateUserService.execute
DA:1,1
DA:2,1
DA:3,1
DA:4,1
DA:5,1
DA:6,1
DA:7,1
DA:8,1
DA:9,1
DA:10,1
DA:11,1
DA:12,1
DA:13,1
DA:14,1
DA:15,1
DA:16,2
DA:17,2
DA:18,4
DA:19,4
DA:20,4
DA:21,4
DA:22,4
DA:23,4
DA:24,2
DA:25,2
DA:26,5
DA:27,5
DA:28,5
DA:29,5
DA:30,1
DA:31,1
DA:32,4
DA:33,4
DA:34,5
DA:35,5
DA:36,5
DA:37,5
DA:38,5
DA:39,5
DA:40,5
DA:41,5
DA:42,5
DA:43,5
DA:44,2
DA:45,1
DA:46,1
LF:46
LH:46
BRDA:46,0,0,2
BRDA:46,1,0,2
BRDA:46,2,0,0
BRDA:46,3,0,0
BRDA:46,4,0,0
BRDA:46,5,0,0
BRDA:46,6,0,2
BRDA:46,7,0,4
BRDA:46,8,0,4
BRDA:46,9,0,5
BRDA:46,10,0,13
BRDA:46,11,0,0
BRDA:46,12,0,5
BRDA:46,13,0,13
BRDA:46,14,0,12
BRDA:46,15,0,1
BRDA:46,16,0,17
BRDA:46,17,0,4
BRDA:46,18,0,13
BRDA:46,19,0,5
BRDA:46,20,0,13
BRDA:46,21,0,0
BRDA:46,22,0,15
BRDA:46,23,0,18
BRDA:46,24,0,18
BRDA:46,25,0,0
BRDA:46,26,0,36
BRDA:46,27,0,0
BRDA:46,28,0,0
BRDA:46,29,0,0
BRDA:46,30,0,0
BRDA:46,31,0,18
BRDA:46,32,0,18
BRDA:46,33,0,0
BRDA:46,34,0,13
BRDA:46,35,0,0
BRDA:46,36,0,5
BRDA:46,37,0,0
BRDA:46,38,0,4
BRDA:46,39,0,0
BRDA:46,40,0,0
BRDA:46,41,0,0
BRDA:46,42,0,0
BRDA:46,43,0,0
BRDA:46,44,0,28
BRDA:46,45,0,18
BRDA:46,46,0,17
BRDA:46,47,0,1
BRDA:46,48,0,18
BRDA:46,49,0,5
BRDA:46,50,0,1
BRDA:46,51,0,4
BRDA:46,52,0,0
BRDA:46,53,0,2
BRDA:46,54,0,0
BRDA:16,55,0,2
BRDA:17,56,0,4
BRDA:25,57,0,5
BRDA:46,58,0,5
BRDA:46,59,0,18
BRDA:27,60,0,5
BRDA:46,61,0,0
BRDA:46,62,0,5
BRDA:29,63,0,1
BRDA:31,64,0,4
BRDA:46,65,0,0
BRDA:46,66,0,4
BRDA:46,67,0,0
BRDA:46,68,0,4
BRDA:46,69,0,0
BRF:70
BRH:45
end_of_record
TN:
SF:src/modules/users/services/UpdateUserAvatarService.ts
FN:51,__decorate
FN:51,__metadata
FN:51,__param
FN:51,__awaiter
FN:51,adopt
FN:51,fulfilled
FN:51,rejected
FN:51,step
FN:51,__generator
FN:51,sent
FN:51,Symbol.function.g.(anonymous function)
FN:51,verb
FN:51,step
FN:51,__importDefault
FN:19,UpdateUserAvatarService
FN:27,UpdateUserAvatarService.execute
FNF:16
FNH:14
FNDA:1,__decorate
FNDA:1,__metadata
FNDA:2,__param
FNDA:4,__awaiter
FNDA:10,adopt
FNDA:10,fulfilled
FNDA:0,rejected
FNDA:13,step
FNDA:4,__generator
FNDA:10,sent
FNDA:0,Symbol.function.g.(anonymous function)
FNDA:12,verb
FNDA:14,step
FNDA:1,__importDefault
FNDA:3,UpdateUserAvatarService
FNDA:4,UpdateUserAvatarService.execute
DA:1,1
DA:2,1
DA:3,1
DA:4,1
DA:5,1
DA:6,1
DA:7,1
DA:8,1
DA:9,1
DA:10,1
DA:11,1
DA:12,1
DA:13,1
DA:14,1
DA:15,1
DA:16,1
DA:17,1
DA:18,1
DA:19,1
DA:20,3
DA:21,3
DA:22,3
DA:23,3
DA:24,3
DA:25,3
DA:26,3
DA:27,1
DA:28,4
DA:29,4
DA:30,4
DA:31,4
DA:32,1
DA:33,1
DA:34,1
DA:35,1
DA:36,1
DA:37,3
DA:38,4
DA:39,1
DA:40,1
DA:41,3
DA:42,3
DA:43,4
DA:44,4
DA:45,4
DA:46,4
DA:47,4
DA:48,4
DA:49,4
DA:50,1
DA:51,1
LF:51
LH:51
BRDA:51,0,0,1
BRDA:51,1,0,1
BRDA:51,2,0,0
BRDA:51,3,0,0
BRDA:51,4,0,0
BRDA:51,5,0,0
BRDA:51,6,0,1
BRDA:51,7,0,2
BRDA:51,8,0,2
BRDA:51,9,0,4
BRDA:51,10,0,10
BRDA:51,11,0,0
BRDA:51,12,0,4
BRDA:51,13,0,10
BRDA:51,14,0,9
BRDA:51,15,0,1
BRDA:51,16,0,13
BRDA:51,17,0,3
BRDA:51,18,0,10
BRDA:51,19,0,4
BRDA:51,20,0,10
BRDA:51,21,0,0
BRDA:51,22,0,12
BRDA:51,23,0,14
BRDA:51,24,0,14
BRDA:51,25,0,0
BRDA:51,26,0,28
BRDA:51,27,0,0
BRDA:51,28,0,0
BRDA:51,29,0,0
BRDA:51,30,0,0
BRDA:51,31,0,14
BRDA:51,32,0,14
BRDA:51,33,0,0
BRDA:51,34,0,10
BRDA:51,35,0,0
BRDA:51,36,0,4
BRDA:51,37,0,0
BRDA:51,38,0,3
BRDA:51,39,0,0
BRDA:51,40,0,0
BRDA:51,41,0,0
BRDA:51,42,0,0
BRDA:51,43,0,0
BRDA:51,44,0,14
BRDA:51,45,0,13
BRDA:51,46,0,1
BRDA:51,47,0,14
BRDA:51,48,0,4
BRDA:51,49,0,1
BRDA:51,50,0,3
BRDA:51,51,0,0
BRDA:51,52,0,1
BRDA:51,53,0,0
BRDA:18,54,0,1
BRDA:19,55,0,3
BRDA:27,56,0,4
BRDA:51,57,0,4
BRDA:51,58,0,14
BRDA:51,59,0,4
BRDA:51,60,0,0
BRDA:51,61,0,4
BRDA:31,62,0,1
BRDA:36,63,0,3
BRDA:38,64,0,1
BRDA:40,65,0,3
BRDA:51,66,0,0
BRDA:51,67,0,3
BRDA:51,68,0,0
BRDA:51,69,0,3
BRDA:51,70,0,0
BRF:71
BRH:46
end_of_record
